study index1
Site ID   Ant. Elev. AMSL (m )  Frequency (MHz)  ERPi(dbW) Orient./Pol.  Group  Coordinates
--------  --------------------  ---------------  ----------  ------------  -----  ---------------------------
ABAA0002                1085.2        900.00000       19.40    Use file-vertical      1  N44°14'53.13" W122°38'34.20"
ABAA0003                1085.2        900.00000       19.40    Use file-vertical      1  N44°14'53.13" W122°38'34.20"
ABAB0002                 857.2        900.00000       19.40    Use file-vertical      1  N44°13'12.46" W122°55'09.24"
ABAB0003                 867.2        900.00000       18.40    Use file-vertical      1  N44°13'12.46" W122°55'09.24"
ABAC0001                 131.5        900.00000       15.00    Use file-horizontal      1  N44°11'40.40" W123°12'02.39"
ABAD0002                 300.1        900.00000       19.40    Use file-vertical      1  N44°03'54.56" W122°53'28.59"
ABAE0001                 677.8        900.00000       19.40    Use file-vertical      1  N44°19'03.27" W122°56'46.52"
ABAE0003                 677.8        900.00000       19.40    Use file-vertical      1  N44°19'03.27" W122°56'46.52"
ABAF0001                 736.6        900.00000       18.40    Use file-vertical      1  N44°07'34.43" W122°59'41.46"
ABAF0003                 726.6        900.00000       19.40    Use file-vertical      1  N44°07'34.43" W122°59'41.46"
ABAG0002                 620.6        900.00000       19.40    Use file-vertical      1  N44°26'01.95" W122°53'04.98"
ABAG0003                 620.6        900.00000       19.40    Use file-vertical      1  N44°26'01.95" W122°53'04.98"
ABAH0001                 112.0        900.00000       15.00    Use file-horizontal      1  N44°25'05.13" W123°09'51.77"
ABAI0001                 632.9        900.00000       19.40    Use file-vertical      1  N44°20'47.77" W122°42'31.65"
ABAI0003                 632.9        900.00000       19.40    Use file-vertical      1  N44°20'47.77" W122°42'31.65"
ABAJ0002                 517.0        900.00000       19.40    Use file-vertical      1  N44°15'40.40" W122°49'12.78"
ABAJ0003                 517.0        900.00000       19.40    Use file-vertical      1  N44°15'40.40" W122°49'12.78"
ABAK0003                 330.2        900.00000       19.40    Use file-vertical      1  N44°27'28.76" W122°56'45.51"
ABAL0003                 534.0        900.00000       19.40    Use file-vertical      1  N44°05'07.57" W122°41'51.01"
ABAM0001                 231.9        900.00000       19.40    Use file-vertical      1  N44°29'36.94" W122°51'42.29"
ABAN0001                 429.5        900.00000       18.40    Use file-vertical      1  N44°17'54.32" W122°49'49.18"
ABAO0001                 370.6        900.00000       19.40    Use file-vertical      1  N44°09'36.71" W122°55'22.58"
ABAP0001                  99.1        900.00000       19.40    Use file-vertical      1  N44°29'20.58" W123°15'10.77"
ABAR0001                 118.0        900.00000       15.00    Use file-horizontal      1  N44°18'08.95" W123°12'34.72"
ABAS0001                 271.7        900.00000       15.00    Use file-horizontal      1  N44°29'21.08" W122°47'21.24"
ABAT0001                 175.0        900.00000       15.00    Use file-horizontal      1  N44°03'43.48" W122°59'07.55"
